[LOG] System::create                           : Header version = 2.02.23. Current version = 2.02.23.
[LOG] Manager::init                            : maxchannels = 256 studioflags = 00000006 flags 00000000 extradriverdata 0x0.
[LOG] SystemI::init                            : Initialize version=20223 (144645), maxchannels=256, flags=0x00020000
[LOG] SystemI::setOutputInternal               : Setting output to 'FMOD Core Audio Output'
[LOG] OutputCoreAudio::init                    : Output running 2 channels at 48000Hz sample rate.
[LOG] OutputCoreAudio::init                    : Maximum hardware read size: 512 samples, Software buffer size: 512 samples, Number of software buffers: 4.
[LOG] Thread::initThread                       : Init FMOD stream thread. Affinity: 0x4000000000000003, Priority: 0xFFFF7FFB, Stack Size: 98304, Semaphore: No, Sleep Time: 10, Looping: Yes.
[LOG] Thread::initThread                       : Init FMOD mixer thread. Affinity: 0x4000000000000001, Priority: 0xFFFF7FFA, Stack Size: 81920, Semaphore: Yes, Sleep Time: 0, Looping: Yes.
[LOG] AsyncManager::init                       : manager 0x7fc3a0d0f008 isAsync 0 updatePeriod 0.02
[LOG] AsyncManager::init                       : done
[LOG] PlaybackSystem::init                     : 
[LOG] Thread::initThread                       : Init FMOD Studio sample load thread. Affinity: 0x4000000000000003, Priority: 0xFFFF7FFD, Stack Size: 98304, Semaphore: No, Sleep Time: 1, Looping: No.
[LOG] PlaybackSystem::init                     : done
[LOG] Thread::initThread                       : Init FMOD Studio bank load thread. Affinity: 0x4000000000000003, Priority: 0xFFFF7FFD, Stack Size: 98304, Semaphore: No, Sleep Time: 1, Looping: No.
[LOG] Manager::init                            : done.
[LOG] Manager::readBank                        : fileversion = 142, compatVersion = 140 (oldest = 44, newest = 142)
[LOG] Manager::readBank                        : fileversion = 142, compatVersion = 140 (oldest = 44, newest = 142)
[LOG] Manager::readBank                        : fileversion = 142, compatVersion = 140 (oldest = 44, newest = 142)
[LOG] PlaybackSystem::acquireMasterBus         : Setting master channel group format to 6
[LOG] Manager::readBank                        : fileversion = 142, compatVersion = 140 (oldest = 44, newest = 142)
[LOG] Manager::readBank                        : fileversion = 142, compatVersion = 140 (oldest = 44, newest = 142)
[LOG] SystemI::createSoundInternal             : Create name='', mode=0x02000202
[LOG] SystemI::createSoundInternal             : exinfo->cbsize             = 224
[LOG] SystemI::createSoundInternal             : exinfo->length             = 1174752
[LOG] SystemI::createSoundInternal             : exinfo->fileoffset         = 1984
[LOG] SystemI::createSoundInternal             : exinfo->numsubsounds       = 1
[LOG] SystemI::createSoundInternal             : exinfo->inclusionlist      = 0x700007f0093c
[LOG] SystemI::createSoundInternal             : exinfo->inclusionlistnum   = 1
[LOG] SystemI::createSoundInternal             : exinfo->suggestedsoundtype = 5
[LOG] SystemI::createSoundInternal             : exinfo->useropen           = 0x1c3928980
[LOG] SystemI::createSoundInternal             : exinfo->userclose          = 0x1c3928a3e
[LOG] SystemI::createSoundInternal             : exinfo->userread           = 0x1c3928a71
[LOG] SystemI::createSoundInternal             : exinfo->userseek           = 0x1c3928b10
[LOG] SystemI::createSoundInternal             : exinfo->fileuserdata       = 0x7fc39fe1fc88
[LOG] SystemI::createSoundInternal             : exinfo->initialseekpostype = 1
[LOG] SystemI::DSPCodecPoolRegister            : register codec pool for pool type 5
[LOG] SystemI::createSoundInternal             : Sample 0/1: name='branch', format=5, channels=2, frequency=48000, lengthbytes=7488, lengthpcm=21315, pcmblocksize=0, loopstart=0, loopend=0, mode=0x00000000, channelmask=0x00000000, channelorder=0, peakvolume=0.999969.
[LOG] SystemI::createSoundInternal             : Create name='', mode=0x02000202
[LOG] SystemI::createSoundInternal             : exinfo->cbsize             = 224
[LOG] SystemI::createSoundInternal             : exinfo->length             = 1174752
[LOG] SystemI::createSoundInternal             : exinfo->fileoffset         = 1984
[LOG] SystemI::createSoundInternal             : exinfo->numsubsounds       = 1
[LOG] SystemI::createSoundInternal             : exinfo->inclusionlist      = 0x700007f0093c
[LOG] SystemI::createSoundInternal             : exinfo->inclusionlistnum   = 1
[LOG] SystemI::createSoundInternal             : exinfo->suggestedsoundtype = 5
[LOG] SystemI::createSoundInternal             : exinfo->useropen           = 0x1c3928980
[LOG] SystemI::createSoundInternal             : exinfo->userclose          = 0x1c3928a3e
[LOG] SystemI::createSoundInternal             : exinfo->userread           = 0x1c3928a71
[LOG] SystemI::createSoundInternal             : exinfo->userseek           = 0x1c3928b10
[LOG] SystemI::createSoundInternal             : exinfo->fileuserdata       = 0x7fc39fe1fc88
[LOG] SystemI::createSoundInternal             : exinfo->initialseekpostype = 1
[LOG] SystemI::DSPCodecPoolRegister            : register codec pool for pool type 5
[LOG] SystemI::createSoundInternal             : Sample 0/1: name='branch_2', format=5, channels=2, frequency=48000, lengthbytes=9632, lengthpcm=26331, pcmblocksize=0, loopstart=0, loopend=0, mode=0x00000000, channelmask=0x00000000, channelorder=0, peakvolume=0.753662.
[LOG] SystemI::createSoundInternal             : Create name='', mode=0x02000202
[LOG] SystemI::createSoundInternal             : exinfo->cbsize             = 224
[LOG] SystemI::createSoundInternal             : exinfo->length             = 1174752
[LOG] SystemI::createSoundInternal             : exinfo->fileoffset         = 1984
[LOG] SystemI::createSoundInternal             : exinfo->numsubsounds       = 1
[LOG] SystemI::createSoundInternal             : exinfo->inclusionlist      = 0x700007f0093c
[LOG] SystemI::createSoundInternal             : exinfo->inclusionlistnum   = 1
[LOG] SystemI::createSoundInternal             : exinfo->suggestedsoundtype = 5
[LOG] SystemI::createSoundInternal             : exinfo->useropen           = 0x1c3928980
[LOG] SystemI::createSoundInternal             : exinfo->userclose          = 0x1c3928a3e
[LOG] SystemI::createSoundInternal             : exinfo->userread           = 0x1c3928a71
[LOG] SystemI::createSoundInternal             : exinfo->userseek           = 0x1c3928b10
[LOG] SystemI::createSoundInternal             : exinfo->fileuserdata       = 0x7fc39fe1fc88
[LOG] SystemI::createSoundInternal             : exinfo->initialseekpostype = 1
[LOG] SystemI::DSPCodecPoolRegister            : register codec pool for pool type 5
[LOG] SystemI::createSoundInternal             : Sample 0/1: name='branch_3', format=5, channels=2, frequency=48000, lengthbytes=7968, lengthpcm=23823, pcmblocksize=0, loopstart=0, loopend=0, mode=0x00000000, channelmask=0x00000000, channelorder=0, peakvolume=0.449280.
[LOG] SystemI::createSound                     : filename = Assets/StreamingAssets/Desktop/Master.assets.bank : mode 02010082
[LOG] SystemI::createSound                     : FMOD_NONBLOCKING specified.  Putting into queue to be opened asynchronously!
[LOG] Thread::initThread                       : Init FMOD nonblocking thread (0). Affinity: 0x4000000000000003, Priority: 0xFFFF7FFC, Stack Size: 114688, Semaphore: Yes, Sleep Time: 0, Looping: Yes.
[LOG] AsyncThread::add                         : add sound to async queue : soundi = 0x7fc390a32538, queue head = 0x7fc390a2e728, queue count = 0
[LOG] AsyncThread::threadFunc                  : Starting Asynchronous operation on sound 0x7fc390a32538
[LOG] SystemI::createSoundInternal             :     Create name='Assets/StreamingAssets/Desktop/Master.assets.bank', mode=0x02010082
[LOG] SystemI::createSoundInternal             :     exinfo->cbsize             = 224
[LOG] SystemI::createSoundInternal             :     exinfo->length             = 1174752
[LOG] SystemI::createSoundInternal             :     exinfo->fileoffset         = 1984
[LOG] SystemI::createSoundInternal             :     exinfo->numsubsounds       = 1
[LOG] SystemI::createSoundInternal             :     exinfo->inclusionlist      = 0x7fc39fe2a770
[LOG] SystemI::createSoundInternal             :     exinfo->inclusionlistnum   = 1
[LOG] SystemI::createSoundInternal             :     exinfo->suggestedsoundtype = 5
[LOG] SystemI::createSoundInternal             :     exinfo->initialseekpostype = 1
[LOG] SystemI::createSoundInternal             :     Stream 0/1: name='cauldron_loop', format=5, channels=2, frequency=48000, lengthbytes=355136, lengthpcm=1332871, pcmblocksize=0, loopstart=0, loopend=0, mode=0x00000000, channelmask=0x00000000, channelorder=0, peakvolume=0.419128.
[LOG] Thread::initThread                       :     Init FMOD file thread. Affinity: 0x4000000000000003, Priority: 0xFFFF7FFC, Stack Size: 65536, Semaphore: No, Sleep Time: 10, Looping: Yes.
[LOG] AsyncThread::threadFunc                  : Finished Asynchronous operation on sound 0x7fc390a32538
[LOG] SoundI::release                          : cauldron_loop (0x7fc390a32538)
[LOG] SoundI::release                          :     cauldron_loop (0x7fc3998e29e8)
[LOG] SoundI::release                          :     cauldron_loop (0x7fc3998e2b78)
[LOG] SoundI::release                          :  (0x7fc390a2f508)
[LOG] SoundI::release                          :     branch (0x7fc390a33b08)
[LOG] SoundI::release                          :  (0x7fc390a2ecd8)
[LOG] SoundI::release                          :     branch_2 (0x7fc390a33fb8)
[LOG] SoundI::release                          :  (0x7fc390a30078)
[LOG] SoundI::release                          :     branch_3 (0x7fc390a34438)
[LOG] Thread::callback                         : FMOD Studio bank load thread finished.
[LOG] Thread::callback                         : FMOD Studio sample load thread finished.
[LOG] LiveUpdate::release                      : 
[LOG] LiveUpdate::reset                        : Reset connection (reason Disconnected)
[LOG] Thread::callback                         : FMOD stream thread finished.
[LOG] Thread::callback                         : FMOD mixer thread finished.
[LOG] SystemI::close                           : Closed.
[LOG] Thread::callback                         : FMOD nonblocking thread (0) finished.
[LOG] Thread::callback                         : FMOD file thread finished.
